2018-10-24 17:26:39,532 INFO o.a.j.u.JMeterUtils: Setting Locale to en_EN
2018-10-24 17:26:39,553 INFO o.a.j.JMeter: Loading user properties from: /home/zemoso/apache-jmeter-5.0/bin/user.properties
2018-10-24 17:26:39,554 INFO o.a.j.JMeter: Loading system properties from: /home/zemoso/apache-jmeter-5.0/bin/system.properties
2018-10-24 17:26:39,565 INFO o.a.j.JMeter: Copyright (c) 1998-2018 The Apache Software Foundation
2018-10-24 17:26:39,565 INFO o.a.j.JMeter: Version 5.0 r1840935
2018-10-24 17:26:39,565 INFO o.a.j.JMeter: java.version=1.8.0_181
2018-10-24 17:26:39,565 INFO o.a.j.JMeter: java.vm.name=Java HotSpot(TM) 64-Bit Server VM
2018-10-24 17:26:39,565 INFO o.a.j.JMeter: os.name=Linux
2018-10-24 17:26:39,566 INFO o.a.j.JMeter: os.arch=amd64
2018-10-24 17:26:39,566 INFO o.a.j.JMeter: os.version=4.15.0-34-generic
2018-10-24 17:26:39,566 INFO o.a.j.JMeter: file.encoding=UTF-8
2018-10-24 17:26:39,566 INFO o.a.j.JMeter: Max memory     =1073741824
2018-10-24 17:26:39,566 INFO o.a.j.JMeter: Available Processors =4
2018-10-24 17:26:39,571 INFO o.a.j.JMeter: Default Locale=English (EN)
2018-10-24 17:26:39,571 INFO o.a.j.JMeter: JMeter  Locale=English (EN)
2018-10-24 17:26:39,571 INFO o.a.j.JMeter: JMeterHome=/home/zemoso/apache-jmeter-5.0
2018-10-24 17:26:39,571 INFO o.a.j.JMeter: user.dir  =/home/zemoso/Desktop/test
2018-10-24 17:26:39,571 INFO o.a.j.JMeter: PWD       =/home/zemoso/Desktop/test
2018-10-24 17:26:39,572 INFO o.a.j.JMeter: IP: 127.0.1.1 Name: zemoso-Lenovo-G580 FullName: zemoso-Lenovo-G580
2018-10-24 17:26:39,576 INFO o.a.j.s.FileServer: Default base='/home/zemoso/Desktop/test'
2018-10-24 17:26:39,586 INFO o.a.j.s.FileServer: Set new base='/home/zemoso/Desktop/test'
2018-10-24 17:26:39,809 INFO o.a.j.s.SaveService: Testplan (JMX) version: 2.2. Testlog (JTL) version: 2.2
2018-10-24 17:26:39,825 INFO o.a.j.s.SaveService: Using SaveService properties file encoding UTF-8
2018-10-24 17:26:39,832 INFO o.a.j.s.SaveService: Using SaveService properties version 5.0
2018-10-24 17:26:39,842 INFO o.a.j.s.SaveService: Loading file: mindhive_test.jmx
2018-10-24 17:26:39,904 INFO o.a.j.p.h.s.HTTPSamplerBase: Parser for text/html is org.apache.jmeter.protocol.http.parser.LagartoBasedHtmlParser
2018-10-24 17:26:39,904 INFO o.a.j.p.h.s.HTTPSamplerBase: Parser for application/xhtml+xml is org.apache.jmeter.protocol.http.parser.LagartoBasedHtmlParser
2018-10-24 17:26:39,905 INFO o.a.j.p.h.s.HTTPSamplerBase: Parser for application/xml is org.apache.jmeter.protocol.http.parser.LagartoBasedHtmlParser
2018-10-24 17:26:39,905 INFO o.a.j.p.h.s.HTTPSamplerBase: Parser for text/xml is org.apache.jmeter.protocol.http.parser.LagartoBasedHtmlParser
2018-10-24 17:26:39,905 INFO o.a.j.p.h.s.HTTPSamplerBase: Parser for text/vnd.wap.wml is org.apache.jmeter.protocol.http.parser.RegexpHTMLParser
2018-10-24 17:26:39,905 INFO o.a.j.p.h.s.HTTPSamplerBase: Parser for text/css is org.apache.jmeter.protocol.http.parser.CssParser
2018-10-24 17:26:40,009 INFO o.a.j.JMeter: Creating summariser <summary>
2018-10-24 17:26:40,019 INFO o.a.j.e.StandardJMeterEngine: Running the test!
2018-10-24 17:26:40,021 INFO o.a.j.s.SampleEvent: List of sample_variables: []
2018-10-24 17:26:40,021 INFO o.a.j.s.SampleEvent: List of sample_variables: []
2018-10-24 17:26:40,031 INFO o.a.j.e.u.CompoundVariable: Note: Function class names must contain the string: '.functions.'
2018-10-24 17:26:40,031 INFO o.a.j.e.u.CompoundVariable: Note: Function class names must not contain the string: '.gui.'
2018-10-24 17:26:40,618 INFO o.a.j.JMeter: Running test (1540382200618)
2018-10-24 17:26:40,667 INFO o.a.j.e.StandardJMeterEngine: Starting ThreadGroup: 1 : Thread Group
2018-10-24 17:26:40,667 INFO o.a.j.e.StandardJMeterEngine: Starting 1 threads for group Thread Group.
2018-10-24 17:26:40,667 INFO o.a.j.e.StandardJMeterEngine: Thread will continue on error
2018-10-24 17:26:40,668 INFO o.a.j.t.ThreadGroup: Starting thread group... number=1 threads=1 ramp-up=1 perThread=1000.0 delayedStart=false
2018-10-24 17:26:40,689 INFO o.a.j.t.ThreadGroup: Started thread group number 1
2018-10-24 17:26:40,689 INFO o.a.j.e.StandardJMeterEngine: All thread groups have been started
2018-10-24 17:26:40,697 INFO o.a.j.s.SampleResult: Note: Sample TimeStamps are START times
2018-10-24 17:26:40,698 INFO o.a.j.s.SampleResult: sampleresult.default.encoding is set to ISO-8859-1
2018-10-24 17:26:40,698 INFO o.a.j.s.SampleResult: sampleresult.useNanoTime=true
2018-10-24 17:26:40,699 INFO o.a.j.s.SampleResult: sampleresult.nanoThreadSleep=5000
2018-10-24 17:26:40,700 INFO o.a.j.t.JMeterThread: Thread started: Thread Group 1-1
2018-10-24 17:26:40,730 INFO o.a.j.p.h.s.HTTPHCAbstractImpl: Local host = zemoso-Lenovo-G580
2018-10-24 17:26:40,743 INFO o.a.j.p.h.s.HTTPHC4Impl: HTTP request retry count = 0
2018-10-24 17:26:40,902 INFO o.a.j.p.h.s.h.LazyLayeredConnectionSocketFactory: Setting up HTTPS TrustAll Socket Factory
2018-10-24 17:26:40,914 INFO o.a.j.u.JsseSSLManager: Using default SSL protocol: TLS
2018-10-24 17:26:40,914 INFO o.a.j.u.JsseSSLManager: SSL session context: per-thread
2018-10-24 17:26:41,170 INFO o.a.j.u.SSLManager: JmeterKeyStore Location:  type JKS
2018-10-24 17:26:41,172 INFO o.a.j.u.SSLManager: KeyStore created OK
2018-10-24 17:26:41,172 WARN o.a.j.u.SSLManager: Keystore file not found, loading empty keystore
2018-10-24 17:27:04,223 INFO o.a.j.r.Summariser: summary +      3 in 00:00:24 =    0.1/s Avg:  7770 Min:   369 Max: 21262 Err:     0 (0.00%) Active: 1 Started: 1 Finished: 0
2018-10-24 17:27:06,237 INFO o.a.j.t.JMeterThread: Thread is done: Thread Group 1-1
2018-10-24 17:27:06,237 INFO o.a.j.t.JMeterThread: Thread finished: Thread Group 1-1
2018-10-24 17:27:06,239 INFO o.a.j.e.StandardJMeterEngine: Notifying test listeners of end of test
2018-10-24 17:27:06,240 INFO o.a.j.r.Summariser: summary +      1 in 00:00:02 =    0.5/s Avg:  2012 Min:  2012 Max:  2012 Err:     0 (0.00%) Active: 0 Started: 1 Finished: 1
2018-10-24 17:27:06,241 INFO o.a.j.r.Summariser: summary =      4 in 00:00:26 =    0.2/s Avg:  6330 Min:   369 Max: 21262 Err:     0 (0.00%)
